<?xml version="1.0" encoding="UTF-8"?>
<testsuite xmlns:xsi="http://www.w3.org/2001/XMLSchema-instance" xsi:noNamespaceSchemaLocation="https://maven.apache.org/surefire/maven-surefire-plugin/xsd/surefire-test-report-3.0.xsd" version="3.0" name="com.calculator.CalculatorEventTest$OperatorButtonEventTests" time="0.586" tests="5" errors="0" skipped="0" failures="0">
  <properties>
[...]
</properties>
  <testcase name="testDivideButtonEvent" classname="com.calculator.CalculatorEventTest$OperatorButtonEventTests" time="0.114"/>
  <testcase name="testMultiplyButtonEvent" classname="com.calculator.CalculatorEventTest$OperatorButtonEventTests" time="0.112"/>
  <testcase name="testModulusButtonEvent" classname="com.calculator.CalculatorEventTest$OperatorButtonEventTests" time="0.126"/>
  <testcase name="testSubtractButtonEvent" classname="com.calculator.CalculatorEventTest$OperatorButtonEventTests" time="0.115"/>
  <testcase name="testAddButtonEvent" classname="com.calculator.CalculatorEventTest$OperatorButtonEventTests" time="0.111"/>
</testsuite>